<?xml version="1.0" encoding="utf-8"?>
<TestRun id="c44e04be-6e77-4282-9757-06d5c535c80b" name="desro@PALMACEDE 2025-10-29 11:43:25" runUser="PALMACEDE\desro" xmlns="http://microsoft.com/schemas/VisualStudio/TeamTest/2010">
  <Times creation="2025-10-29T11:43:25.8671977-04:00" queuing="2025-10-29T11:43:25.8671979-04:00" start="2025-10-29T11:43:23.8946289-04:00" finish="2025-10-29T11:43:25.8716216-04:00" />
  <TestSettings name="default" id="68ee4f8a-86dd-4040-9b30-b7413e94f850">
    <Deployment runDeploymentRoot="desro_PALMACEDE_2025-10-29_11_43_25" />
  </TestSettings>
  <Results>
    <UnitTestResult executionId="237d0aea-5d64-4cad-b517-03e0c2955fc4" testId="32311ffd-974a-fa95-b20d-852b70cc59ce" testName="Solcogito.AutoVersion.Tests.BasicTests.VersionModel_Parses_And_Bumps_Correctly" computerName="PALMACEDE" duration="00:00:00.1392231" startTime="2025-10-29T11:43:25.7835506-04:00" endTime="2025-10-29T11:43:25.7835725-04:00" testType="13cdc9d9-ddb5-4fa4-a97d-d965ccfc6d4b" outcome="Passed" testListId="8c84fa94-04c1-424b-9868-57a2d4851a1d" relativeResultsDirectory="237d0aea-5d64-4cad-b517-03e0c2955fc4" />
    <UnitTestResult executionId="7e7e9e71-ee46-43fa-9d67-f0cb0a732173" testId="3da901a1-b790-743a-9d18-68d6af06cffd" testName="Solcogito.AutoVersion.Tests.BasicTests.VersionModel_PreRelease_Works" computerName="PALMACEDE" duration="00:00:00.0000566" startTime="2025-10-29T11:43:25.7856608-04:00" endTime="2025-10-29T11:43:25.7856609-04:00" testType="13cdc9d9-ddb5-4fa4-a97d-d965ccfc6d4b" outcome="Passed" testListId="8c84fa94-04c1-424b-9868-57a2d4851a1d" relativeResultsDirectory="7e7e9e71-ee46-43fa-9d67-f0cb0a732173" />
  </Results>
  <TestDefinitions>
    <UnitTest name="Solcogito.AutoVersion.Tests.BasicTests.VersionModel_PreRelease_Works" storage="f:\ultiwork\money\autoversion\src\autoversion.tests\bin\release\net8.0\autoversion.tests.dll" id="3da901a1-b790-743a-9d18-68d6af06cffd">
      <Execution id="7e7e9e71-ee46-43fa-9d67-f0cb0a732173" />
      <TestMethod codeBase="F:\UltiWork\money\AutoVersion\src\AutoVersion.Tests\bin\Release\net8.0\AutoVersion.Tests.dll" adapterTypeName="executor://xunit/VsTestRunner2/netcoreapp" className="Solcogito.AutoVersion.Tests.BasicTests" name="VersionModel_PreRelease_Works" />
    </UnitTest>
    <UnitTest name="Solcogito.AutoVersion.Tests.BasicTests.VersionModel_Parses_And_Bumps_Correctly" storage="f:\ultiwork\money\autoversion\src\autoversion.tests\bin\release\net8.0\autoversion.tests.dll" id="32311ffd-974a-fa95-b20d-852b70cc59ce">
      <Execution id="237d0aea-5d64-4cad-b517-03e0c2955fc4" />
      <TestMethod codeBase="F:\UltiWork\money\AutoVersion\src\AutoVersion.Tests\bin\Release\net8.0\AutoVersion.Tests.dll" adapterTypeName="executor://xunit/VsTestRunner2/netcoreapp" className="Solcogito.AutoVersion.Tests.BasicTests" name="VersionModel_Parses_And_Bumps_Correctly" />
    </UnitTest>
  </TestDefinitions>
  <TestEntries>
    <TestEntry testId="32311ffd-974a-fa95-b20d-852b70cc59ce" executionId="237d0aea-5d64-4cad-b517-03e0c2955fc4" testListId="8c84fa94-04c1-424b-9868-57a2d4851a1d" />
    <TestEntry testId="3da901a1-b790-743a-9d18-68d6af06cffd" executionId="7e7e9e71-ee46-43fa-9d67-f0cb0a732173" testListId="8c84fa94-04c1-424b-9868-57a2d4851a1d" />
  </TestEntries>
  <TestLists>
    <TestList name="Results Not in a List" id="8c84fa94-04c1-424b-9868-57a2d4851a1d" />
    <TestList name="All Loaded Results" id="19431567-8539-422a-85d7-44ee4e166bda" />
  </TestLists>
  <ResultSummary outcome="Completed">
    <Counters total="2" executed="2" passed="2" failed="0" error="0" timeout="0" aborted="0" inconclusive="0" passedButRunAborted="0" notRunnable="0" notExecuted="0" disconnected="0" warning="0" completed="0" inProgress="0" pending="0" />
    <Output>
      <StdOut>[xUnit.net 00:00:00.00] xUnit.net VSTest Adapter v2.8.1+ce9211e970 (64-bit .NET 8.0.21)&#xD;
[xUnit.net 00:00:00.41]   Discovering: AutoVersion.Tests&#xD;
[xUnit.net 00:00:00.43]   Discovered:  AutoVersion.Tests&#xD;
[xUnit.net 00:00:00.43]   Starting:    AutoVersion.Tests&#xD;
[xUnit.net 00:00:00.61]   Finished:    AutoVersion.Tests&#xD;
</StdOut>
    </Output>
  </ResultSummary>
</TestRun>