<?xml version="1.0" encoding="utf-8"?>
<TestRun id="5dcdfa95-5af1-4024-ba73-c7785c04c72a" name="desro@PALMACEDE 2025-10-28 18:39:05" runUser="PALMACEDE\desro" xmlns="http://microsoft.com/schemas/VisualStudio/TeamTest/2010">
  <Times creation="2025-10-28T18:39:05.2529740-04:00" queuing="2025-10-28T18:39:05.2529743-04:00" start="2025-10-28T18:39:03.2548649-04:00" finish="2025-10-28T18:39:05.2586518-04:00" />
  <TestSettings name="default" id="b1824f25-2485-4dd5-bf78-477edf81cc4f">
    <Deployment runDeploymentRoot="desro_PALMACEDE_2025-10-28_18_39_05" />
  </TestSettings>
  <Results>
    <UnitTestResult executionId="3989f29e-9a87-42c1-8a57-04f3e24b3d97" testId="788dfc36-5024-78c2-4e53-14463a5d9541" testName="AutoVersion.Tests.BasicTests.Version_IsDefined" computerName="PALMACEDE" duration="00:00:00.1165970" startTime="2025-10-28T18:39:05.1546672-04:00" endTime="2025-10-28T18:39:05.1546853-04:00" testType="13cdc9d9-ddb5-4fa4-a97d-d965ccfc6d4b" outcome="Passed" testListId="8c84fa94-04c1-424b-9868-57a2d4851a1d" relativeResultsDirectory="3989f29e-9a87-42c1-8a57-04f3e24b3d97" />
  </Results>
  <TestDefinitions>
    <UnitTest name="AutoVersion.Tests.BasicTests.Version_IsDefined" storage="f:\ultiwork\money\autoversion\src\autoversion.tests\bin\release\net8.0\autoversion.tests.dll" id="788dfc36-5024-78c2-4e53-14463a5d9541">
      <Execution id="3989f29e-9a87-42c1-8a57-04f3e24b3d97" />
      <TestMethod codeBase="F:\UltiWork\money\AutoVersion\src\AutoVersion.Tests\bin\Release\net8.0\AutoVersion.Tests.dll" adapterTypeName="executor://xunit/VsTestRunner2/netcoreapp" className="AutoVersion.Tests.BasicTests" name="Version_IsDefined" />
    </UnitTest>
  </TestDefinitions>
  <TestEntries>
    <TestEntry testId="788dfc36-5024-78c2-4e53-14463a5d9541" executionId="3989f29e-9a87-42c1-8a57-04f3e24b3d97" testListId="8c84fa94-04c1-424b-9868-57a2d4851a1d" />
  </TestEntries>
  <TestLists>
    <TestList name="Results Not in a List" id="8c84fa94-04c1-424b-9868-57a2d4851a1d" />
    <TestList name="All Loaded Results" id="19431567-8539-422a-85d7-44ee4e166bda" />
  </TestLists>
  <ResultSummary outcome="Completed">
    <Counters total="1" executed="1" passed="1" failed="0" error="0" timeout="0" aborted="0" inconclusive="0" passedButRunAborted="0" notRunnable="0" notExecuted="0" disconnected="0" warning="0" completed="0" inProgress="0" pending="0" />
    <Output>
      <StdOut>[xUnit.net 00:00:00.00] xUnit.net VSTest Adapter v2.8.0+6438bb880a (64-bit .NET 8.0.21)&#xD;
[xUnit.net 00:00:00.42]   Discovering: AutoVersion.Tests&#xD;
[xUnit.net 00:00:00.45]   Discovered:  AutoVersion.Tests&#xD;
[xUnit.net 00:00:00.45]   Starting:    AutoVersion.Tests&#xD;
[xUnit.net 00:00:00.60]   Finished:    AutoVersion.Tests&#xD;
</StdOut>
    </Output>
  </ResultSummary>
</TestRun>