<?xml version="1.0" encoding="utf-8"?>
<TestRun id="6b88e0c2-190b-4343-9af7-07b753b1f558" name="desro@PALMACEDE 2025-10-30 14:17:17" runUser="PALMACEDE\desro" xmlns="http://microsoft.com/schemas/VisualStudio/TeamTest/2010">
  <Times creation="2025-10-30T14:17:17.1002314-04:00" queuing="2025-10-30T14:17:17.1002327-04:00" start="2025-10-30T14:17:14.9032551-04:00" finish="2025-10-30T14:17:18.7175240-04:00" />
  <TestSettings name="default" id="1d35e9cb-2300-4493-bd44-b891e151f288">
    <Deployment runDeploymentRoot="desro_PALMACEDE_2025-10-30_14_17_17" />
  </TestSettings>
  <Results>
    <UnitTestResult executionId="c810ee0d-1c60-4384-bde5-e73c726cb599" testId="1137be5b-f829-dc3e-941f-b843be6ec27e" testName="Solcogito.AutoVersion.Tests.PipelineIntegrationTests.FullPipeline_CreatesChangelogAndArtifact" computerName="PALMACEDE" duration="00:00:00.2049624" startTime="2025-10-30T14:17:16.9596503-04:00" endTime="2025-10-30T14:17:16.9596680-04:00" testType="13cdc9d9-ddb5-4fa4-a97d-d965ccfc6d4b" outcome="Passed" testListId="8c84fa94-04c1-424b-9868-57a2d4851a1d" relativeResultsDirectory="c810ee0d-1c60-4384-bde5-e73c726cb599" />
    <UnitTestResult executionId="26de4775-2557-4225-972f-3fa5bb753ab9" testId="c7a91b61-b8d4-2ca7-2eeb-277be79e773d" testName="Solcogito.AutoVersion.Tests.GitIntegrationTests.GitService_PreventsDuplicateTag" computerName="PALMACEDE" duration="00:00:00.4359148" startTime="2025-10-30T14:17:18.4336330-04:00" endTime="2025-10-30T14:17:18.4336333-04:00" testType="13cdc9d9-ddb5-4fa4-a97d-d965ccfc6d4b" outcome="Passed" testListId="8c84fa94-04c1-424b-9868-57a2d4851a1d" relativeResultsDirectory="26de4775-2557-4225-972f-3fa5bb753ab9" />
    <UnitTestResult executionId="a20cf3cc-97a6-4e85-8ca6-7fb9e38dd899" testId="c7afe9dc-037a-245a-c791-17da0afc0cf5" testName="Solcogito.AutoVersion.Tests.SemVerTests.Parse_ValidStrings" computerName="PALMACEDE" duration="00:00:00.2159844" startTime="2025-10-30T14:17:16.9694733-04:00" endTime="2025-10-30T14:17:16.9694735-04:00" testType="13cdc9d9-ddb5-4fa4-a97d-d965ccfc6d4b" outcome="Passed" testListId="8c84fa94-04c1-424b-9868-57a2d4851a1d" relativeResultsDirectory="a20cf3cc-97a6-4e85-8ca6-7fb9e38dd899" />
    <UnitTestResult executionId="ab0a1d3c-ef39-4d50-a3d6-c31d0e07d417" testId="327f296f-fe9c-b1b8-c90e-08c1d380d51f" testName="Solcogito.AutoVersion.Tests.ChangelogTests.Build_GeneratesMarkdown" computerName="PALMACEDE" duration="00:00:00.2136426" startTime="2025-10-30T14:17:16.9650240-04:00" endTime="2025-10-30T14:17:16.9650241-04:00" testType="13cdc9d9-ddb5-4fa4-a97d-d965ccfc6d4b" outcome="Passed" testListId="8c84fa94-04c1-424b-9868-57a2d4851a1d" relativeResultsDirectory="ab0a1d3c-ef39-4d50-a3d6-c31d0e07d417" />
    <UnitTestResult executionId="4027da95-eb59-4119-9293-b2242ea750a7" testId="89012e35-c0bb-c7d2-2172-39403972518c" testName="Solcogito.AutoVersion.Tests.GitIntegrationTests.GitService_DetectsDirtyRepo" computerName="PALMACEDE" duration="00:00:00.2431472" startTime="2025-10-30T14:17:17.9976002-04:00" endTime="2025-10-30T14:17:17.9976005-04:00" testType="13cdc9d9-ddb5-4fa4-a97d-d965ccfc6d4b" outcome="Passed" testListId="8c84fa94-04c1-424b-9868-57a2d4851a1d" relativeResultsDirectory="4027da95-eb59-4119-9293-b2242ea750a7" />
    <UnitTestResult executionId="9a56be7f-7225-4a61-afab-c7ca2fd09337" testId="ce31f890-789c-7ed2-28ba-749312093315" testName="Solcogito.AutoVersion.Tests.ChangelogTests.Update_PrependsNewEntriesWithoutOverwriting" computerName="PALMACEDE" duration="00:00:00.0973752" startTime="2025-10-30T14:17:17.1171854-04:00" endTime="2025-10-30T14:17:17.1171857-04:00" testType="13cdc9d9-ddb5-4fa4-a97d-d965ccfc6d4b" outcome="Passed" testListId="8c84fa94-04c1-424b-9868-57a2d4851a1d" relativeResultsDirectory="9a56be7f-7225-4a61-afab-c7ca2fd09337" />
    <UnitTestResult executionId="7be0f6d7-8e51-4be2-9811-ddb531686090" testId="585195bf-7183-a388-c292-5e1b1de27d5a" testName="Solcogito.AutoVersion.Tests.ArtifactTests.ProcessArtifacts_DryRunDoesNotModify" computerName="PALMACEDE" duration="00:00:00.0011260" startTime="2025-10-30T14:17:16.9624064-04:00" endTime="2025-10-30T14:17:16.9624065-04:00" testType="13cdc9d9-ddb5-4fa4-a97d-d965ccfc6d4b" outcome="Passed" testListId="8c84fa94-04c1-424b-9868-57a2d4851a1d" relativeResultsDirectory="7be0f6d7-8e51-4be2-9811-ddb531686090" />
    <UnitTestResult executionId="a6bcb414-fff4-482c-bd7d-6fe0b14a1cf6" testId="b1095812-c58d-7717-da7d-ffe2aa01f39b" testName="Solcogito.AutoVersion.Tests.SemVerTests.Bump_IncrementsCorrectly" computerName="PALMACEDE" duration="00:00:00.0002813" startTime="2025-10-30T14:17:16.9697918-04:00" endTime="2025-10-30T14:17:16.9697919-04:00" testType="13cdc9d9-ddb5-4fa4-a97d-d965ccfc6d4b" outcome="Passed" testListId="8c84fa94-04c1-424b-9868-57a2d4851a1d" relativeResultsDirectory="a6bcb414-fff4-482c-bd7d-6fe0b14a1cf6" />
    <UnitTestResult executionId="49a345e5-a4ea-4412-96f4-a69608c86b92" testId="42a9d30b-4acc-e256-d53c-dda3afa8d09e" testName="Solcogito.AutoVersion.Tests.ChangelogTests.Update_WritesToFile" computerName="PALMACEDE" duration="00:00:00.0546315" startTime="2025-10-30T14:17:17.0197315-04:00" endTime="2025-10-30T14:17:17.0197318-04:00" testType="13cdc9d9-ddb5-4fa4-a97d-d965ccfc6d4b" outcome="Passed" testListId="8c84fa94-04c1-424b-9868-57a2d4851a1d" relativeResultsDirectory="49a345e5-a4ea-4412-96f4-a69608c86b92" />
    <UnitTestResult executionId="c963bf3e-4d3b-41c1-8507-72d5223e793b" testId="d28dce23-310e-35c1-0321-f32d74dfd35d" testName="Solcogito.AutoVersion.Tests.SemVerTests.Compare_OrdersProperly" computerName="PALMACEDE" duration="00:00:00.0001630" startTime="2025-10-30T14:17:16.9699953-04:00" endTime="2025-10-30T14:17:16.9699954-04:00" testType="13cdc9d9-ddb5-4fa4-a97d-d965ccfc6d4b" outcome="Passed" testListId="8c84fa94-04c1-424b-9868-57a2d4851a1d" relativeResultsDirectory="c963bf3e-4d3b-41c1-8507-72d5223e793b" />
    <UnitTestResult executionId="a103b2d0-2e04-437b-885a-1cdc0910bc1c" testId="74431f3d-2536-730f-061e-94f4a75cbd4c" testName="Solcogito.AutoVersion.Tests.ArtifactTests.ProcessArtifacts_RenamesFile" computerName="PALMACEDE" duration="00:00:00.2055129" startTime="2025-10-30T14:17:16.9614939-04:00" endTime="2025-10-30T14:17:16.9614940-04:00" testType="13cdc9d9-ddb5-4fa4-a97d-d965ccfc6d4b" outcome="Passed" testListId="8c84fa94-04c1-424b-9868-57a2d4851a1d" relativeResultsDirectory="a103b2d0-2e04-437b-885a-1cdc0910bc1c" />
    <UnitTestResult executionId="1f733d90-e1f3-4a4f-b581-b6eeef57acd8" testId="f1b92895-42da-bb62-1c18-36a121b7a721" testName="Solcogito.AutoVersion.Tests.GitIntegrationTests.GitService_CreatesTagSuccessfully" computerName="PALMACEDE" duration="00:00:01.0027042" startTime="2025-10-30T14:17:17.7543306-04:00" endTime="2025-10-30T14:17:17.7543310-04:00" testType="13cdc9d9-ddb5-4fa4-a97d-d965ccfc6d4b" outcome="Passed" testListId="8c84fa94-04c1-424b-9868-57a2d4851a1d" relativeResultsDirectory="1f733d90-e1f3-4a4f-b581-b6eeef57acd8" />
    <UnitTestResult executionId="008b4e00-8629-4ec3-8ac1-0a9d50d8b2ff" testId="de005a10-23b9-51a0-080d-c9216a9512f7" testName="Solcogito.AutoVersion.Tests.GitIntegrationTests.GitService_HasRemoteFalseByDefault" computerName="PALMACEDE" duration="00:00:00.2378703" startTime="2025-10-30T14:17:18.6716751-04:00" endTime="2025-10-30T14:17:18.6716753-04:00" testType="13cdc9d9-ddb5-4fa4-a97d-d965ccfc6d4b" outcome="Passed" testListId="8c84fa94-04c1-424b-9868-57a2d4851a1d" relativeResultsDirectory="008b4e00-8629-4ec3-8ac1-0a9d50d8b2ff" />
  </Results>
  <TestDefinitions>
    <UnitTest name="Solcogito.AutoVersion.Tests.ArtifactTests.ProcessArtifacts_RenamesFile" storage="f:\ultiwork\money\autoversion\src\autoversion.tests\bin\release\net8.0\autoversion.tests.dll" id="74431f3d-2536-730f-061e-94f4a75cbd4c">
      <Execution id="a103b2d0-2e04-437b-885a-1cdc0910bc1c" />
      <TestMethod codeBase="F:\UltiWork\money\AutoVersion\src\AutoVersion.Tests\bin\Release\net8.0\AutoVersion.Tests.dll" adapterTypeName="executor://xunit/VsTestRunner2/netcoreapp" className="Solcogito.AutoVersion.Tests.ArtifactTests" name="ProcessArtifacts_RenamesFile" />
    </UnitTest>
    <UnitTest name="Solcogito.AutoVersion.Tests.GitIntegrationTests.GitService_HasRemoteFalseByDefault" storage="f:\ultiwork\money\autoversion\src\autoversion.tests\bin\release\net8.0\autoversion.tests.dll" id="de005a10-23b9-51a0-080d-c9216a9512f7">
      <Execution id="008b4e00-8629-4ec3-8ac1-0a9d50d8b2ff" />
      <TestMethod codeBase="F:\UltiWork\money\AutoVersion\src\AutoVersion.Tests\bin\Release\net8.0\AutoVersion.Tests.dll" adapterTypeName="executor://xunit/VsTestRunner2/netcoreapp" className="Solcogito.AutoVersion.Tests.GitIntegrationTests" name="GitService_HasRemoteFalseByDefault" />
    </UnitTest>
    <UnitTest name="Solcogito.AutoVersion.Tests.SemVerTests.Bump_IncrementsCorrectly" storage="f:\ultiwork\money\autoversion\src\autoversion.tests\bin\release\net8.0\autoversion.tests.dll" id="b1095812-c58d-7717-da7d-ffe2aa01f39b">
      <Execution id="a6bcb414-fff4-482c-bd7d-6fe0b14a1cf6" />
      <TestMethod codeBase="F:\UltiWork\money\AutoVersion\src\AutoVersion.Tests\bin\Release\net8.0\AutoVersion.Tests.dll" adapterTypeName="executor://xunit/VsTestRunner2/netcoreapp" className="Solcogito.AutoVersion.Tests.SemVerTests" name="Bump_IncrementsCorrectly" />
    </UnitTest>
    <UnitTest name="Solcogito.AutoVersion.Tests.ArtifactTests.ProcessArtifacts_DryRunDoesNotModify" storage="f:\ultiwork\money\autoversion\src\autoversion.tests\bin\release\net8.0\autoversion.tests.dll" id="585195bf-7183-a388-c292-5e1b1de27d5a">
      <Execution id="7be0f6d7-8e51-4be2-9811-ddb531686090" />
      <TestMethod codeBase="F:\UltiWork\money\AutoVersion\src\AutoVersion.Tests\bin\Release\net8.0\AutoVersion.Tests.dll" adapterTypeName="executor://xunit/VsTestRunner2/netcoreapp" className="Solcogito.AutoVersion.Tests.ArtifactTests" name="ProcessArtifacts_DryRunDoesNotModify" />
    </UnitTest>
    <UnitTest name="Solcogito.AutoVersion.Tests.ChangelogTests.Update_WritesToFile" storage="f:\ultiwork\money\autoversion\src\autoversion.tests\bin\release\net8.0\autoversion.tests.dll" id="42a9d30b-4acc-e256-d53c-dda3afa8d09e">
      <Execution id="49a345e5-a4ea-4412-96f4-a69608c86b92" />
      <TestMethod codeBase="F:\UltiWork\money\AutoVersion\src\AutoVersion.Tests\bin\Release\net8.0\AutoVersion.Tests.dll" adapterTypeName="executor://xunit/VsTestRunner2/netcoreapp" className="Solcogito.AutoVersion.Tests.ChangelogTests" name="Update_WritesToFile" />
    </UnitTest>
    <UnitTest name="Solcogito.AutoVersion.Tests.GitIntegrationTests.GitService_DetectsDirtyRepo" storage="f:\ultiwork\money\autoversion\src\autoversion.tests\bin\release\net8.0\autoversion.tests.dll" id="89012e35-c0bb-c7d2-2172-39403972518c">
      <Execution id="4027da95-eb59-4119-9293-b2242ea750a7" />
      <TestMethod codeBase="F:\UltiWork\money\AutoVersion\src\AutoVersion.Tests\bin\Release\net8.0\AutoVersion.Tests.dll" adapterTypeName="executor://xunit/VsTestRunner2/netcoreapp" className="Solcogito.AutoVersion.Tests.GitIntegrationTests" name="GitService_DetectsDirtyRepo" />
    </UnitTest>
    <UnitTest name="Solcogito.AutoVersion.Tests.SemVerTests.Compare_OrdersProperly" storage="f:\ultiwork\money\autoversion\src\autoversion.tests\bin\release\net8.0\autoversion.tests.dll" id="d28dce23-310e-35c1-0321-f32d74dfd35d">
      <Execution id="c963bf3e-4d3b-41c1-8507-72d5223e793b" />
      <TestMethod codeBase="F:\UltiWork\money\AutoVersion\src\AutoVersion.Tests\bin\Release\net8.0\AutoVersion.Tests.dll" adapterTypeName="executor://xunit/VsTestRunner2/netcoreapp" className="Solcogito.AutoVersion.Tests.SemVerTests" name="Compare_OrdersProperly" />
    </UnitTest>
    <UnitTest name="Solcogito.AutoVersion.Tests.ChangelogTests.Build_GeneratesMarkdown" storage="f:\ultiwork\money\autoversion\src\autoversion.tests\bin\release\net8.0\autoversion.tests.dll" id="327f296f-fe9c-b1b8-c90e-08c1d380d51f">
      <Execution id="ab0a1d3c-ef39-4d50-a3d6-c31d0e07d417" />
      <TestMethod codeBase="F:\UltiWork\money\AutoVersion\src\AutoVersion.Tests\bin\Release\net8.0\AutoVersion.Tests.dll" adapterTypeName="executor://xunit/VsTestRunner2/netcoreapp" className="Solcogito.AutoVersion.Tests.ChangelogTests" name="Build_GeneratesMarkdown" />
    </UnitTest>
    <UnitTest name="Solcogito.AutoVersion.Tests.GitIntegrationTests.GitService_PreventsDuplicateTag" storage="f:\ultiwork\money\autoversion\src\autoversion.tests\bin\release\net8.0\autoversion.tests.dll" id="c7a91b61-b8d4-2ca7-2eeb-277be79e773d">
      <Execution id="26de4775-2557-4225-972f-3fa5bb753ab9" />
      <TestMethod codeBase="F:\UltiWork\money\AutoVersion\src\AutoVersion.Tests\bin\Release\net8.0\AutoVersion.Tests.dll" adapterTypeName="executor://xunit/VsTestRunner2/netcoreapp" className="Solcogito.AutoVersion.Tests.GitIntegrationTests" name="GitService_PreventsDuplicateTag" />
    </UnitTest>
    <UnitTest name="Solcogito.AutoVersion.Tests.GitIntegrationTests.GitService_CreatesTagSuccessfully" storage="f:\ultiwork\money\autoversion\src\autoversion.tests\bin\release\net8.0\autoversion.tests.dll" id="f1b92895-42da-bb62-1c18-36a121b7a721">
      <Execution id="1f733d90-e1f3-4a4f-b581-b6eeef57acd8" />
      <TestMethod codeBase="F:\UltiWork\money\AutoVersion\src\AutoVersion.Tests\bin\Release\net8.0\AutoVersion.Tests.dll" adapterTypeName="executor://xunit/VsTestRunner2/netcoreapp" className="Solcogito.AutoVersion.Tests.GitIntegrationTests" name="GitService_CreatesTagSuccessfully" />
    </UnitTest>
    <UnitTest name="Solcogito.AutoVersion.Tests.PipelineIntegrationTests.FullPipeline_CreatesChangelogAndArtifact" storage="f:\ultiwork\money\autoversion\src\autoversion.tests\bin\release\net8.0\autoversion.tests.dll" id="1137be5b-f829-dc3e-941f-b843be6ec27e">
      <Execution id="c810ee0d-1c60-4384-bde5-e73c726cb599" />
      <TestMethod codeBase="F:\UltiWork\money\AutoVersion\src\AutoVersion.Tests\bin\Release\net8.0\AutoVersion.Tests.dll" adapterTypeName="executor://xunit/VsTestRunner2/netcoreapp" className="Solcogito.AutoVersion.Tests.PipelineIntegrationTests" name="FullPipeline_CreatesChangelogAndArtifact" />
    </UnitTest>
    <UnitTest name="Solcogito.AutoVersion.Tests.ChangelogTests.Update_PrependsNewEntriesWithoutOverwriting" storage="f:\ultiwork\money\autoversion\src\autoversion.tests\bin\release\net8.0\autoversion.tests.dll" id="ce31f890-789c-7ed2-28ba-749312093315">
      <Execution id="9a56be7f-7225-4a61-afab-c7ca2fd09337" />
      <TestMethod codeBase="F:\UltiWork\money\AutoVersion\src\AutoVersion.Tests\bin\Release\net8.0\AutoVersion.Tests.dll" adapterTypeName="executor://xunit/VsTestRunner2/netcoreapp" className="Solcogito.AutoVersion.Tests.ChangelogTests" name="Update_PrependsNewEntriesWithoutOverwriting" />
    </UnitTest>
    <UnitTest name="Solcogito.AutoVersion.Tests.SemVerTests.Parse_ValidStrings" storage="f:\ultiwork\money\autoversion\src\autoversion.tests\bin\release\net8.0\autoversion.tests.dll" id="c7afe9dc-037a-245a-c791-17da0afc0cf5">
      <Execution id="a20cf3cc-97a6-4e85-8ca6-7fb9e38dd899" />
      <TestMethod codeBase="F:\UltiWork\money\AutoVersion\src\AutoVersion.Tests\bin\Release\net8.0\AutoVersion.Tests.dll" adapterTypeName="executor://xunit/VsTestRunner2/netcoreapp" className="Solcogito.AutoVersion.Tests.SemVerTests" name="Parse_ValidStrings" />
    </UnitTest>
  </TestDefinitions>
  <TestEntries>
    <TestEntry testId="1137be5b-f829-dc3e-941f-b843be6ec27e" executionId="c810ee0d-1c60-4384-bde5-e73c726cb599" testListId="8c84fa94-04c1-424b-9868-57a2d4851a1d" />
    <TestEntry testId="c7a91b61-b8d4-2ca7-2eeb-277be79e773d" executionId="26de4775-2557-4225-972f-3fa5bb753ab9" testListId="8c84fa94-04c1-424b-9868-57a2d4851a1d" />
    <TestEntry testId="c7afe9dc-037a-245a-c791-17da0afc0cf5" executionId="a20cf3cc-97a6-4e85-8ca6-7fb9e38dd899" testListId="8c84fa94-04c1-424b-9868-57a2d4851a1d" />
    <TestEntry testId="327f296f-fe9c-b1b8-c90e-08c1d380d51f" executionId="ab0a1d3c-ef39-4d50-a3d6-c31d0e07d417" testListId="8c84fa94-04c1-424b-9868-57a2d4851a1d" />
    <TestEntry testId="89012e35-c0bb-c7d2-2172-39403972518c" executionId="4027da95-eb59-4119-9293-b2242ea750a7" testListId="8c84fa94-04c1-424b-9868-57a2d4851a1d" />
    <TestEntry testId="ce31f890-789c-7ed2-28ba-749312093315" executionId="9a56be7f-7225-4a61-afab-c7ca2fd09337" testListId="8c84fa94-04c1-424b-9868-57a2d4851a1d" />
    <TestEntry testId="585195bf-7183-a388-c292-5e1b1de27d5a" executionId="7be0f6d7-8e51-4be2-9811-ddb531686090" testListId="8c84fa94-04c1-424b-9868-57a2d4851a1d" />
    <TestEntry testId="b1095812-c58d-7717-da7d-ffe2aa01f39b" executionId="a6bcb414-fff4-482c-bd7d-6fe0b14a1cf6" testListId="8c84fa94-04c1-424b-9868-57a2d4851a1d" />
    <TestEntry testId="42a9d30b-4acc-e256-d53c-dda3afa8d09e" executionId="49a345e5-a4ea-4412-96f4-a69608c86b92" testListId="8c84fa94-04c1-424b-9868-57a2d4851a1d" />
    <TestEntry testId="d28dce23-310e-35c1-0321-f32d74dfd35d" executionId="c963bf3e-4d3b-41c1-8507-72d5223e793b" testListId="8c84fa94-04c1-424b-9868-57a2d4851a1d" />
    <TestEntry testId="74431f3d-2536-730f-061e-94f4a75cbd4c" executionId="a103b2d0-2e04-437b-885a-1cdc0910bc1c" testListId="8c84fa94-04c1-424b-9868-57a2d4851a1d" />
    <TestEntry testId="f1b92895-42da-bb62-1c18-36a121b7a721" executionId="1f733d90-e1f3-4a4f-b581-b6eeef57acd8" testListId="8c84fa94-04c1-424b-9868-57a2d4851a1d" />
    <TestEntry testId="de005a10-23b9-51a0-080d-c9216a9512f7" executionId="008b4e00-8629-4ec3-8ac1-0a9d50d8b2ff" testListId="8c84fa94-04c1-424b-9868-57a2d4851a1d" />
  </TestEntries>
  <TestLists>
    <TestList name="Results Not in a List" id="8c84fa94-04c1-424b-9868-57a2d4851a1d" />
    <TestList name="All Loaded Results" id="19431567-8539-422a-85d7-44ee4e166bda" />
  </TestLists>
  <ResultSummary outcome="Completed">
    <Counters total="13" executed="13" passed="13" failed="0" error="0" timeout="0" aborted="0" inconclusive="0" passedButRunAborted="0" notRunnable="0" notExecuted="0" disconnected="0" warning="0" completed="0" inProgress="0" pending="0" />
    <Output>
      <StdOut>[xUnit.net 00:00:00.00] xUnit.net VSTest Adapter v2.8.1+ce9211e970 (64-bit .NET 8.0.21)&#xD;
[xUnit.net 00:00:00.41]   Discovering: AutoVersion.Tests&#xD;
[xUnit.net 00:00:00.44]   Discovered:  AutoVersion.Tests&#xD;
[xUnit.net 00:00:00.44]   Starting:    AutoVersion.Tests&#xD;
[RENAMED] sample.txt -&gt; sample_1.2.3.txt&#xD;
[RENAMED] demo.txt -&gt; demo_1.0.0.txt&#xD;
[DRY-RUN] sample.txt -&gt; sample_9.9.9.txt&#xD;
fatal: ambiguous argument 'v1.0.0..HEAD': unknown revision or path not in the working tree.&#xD;
Use '--' to separate paths from revisions, like this:&#xD;
'git &lt;command&gt; [&lt;revision&gt;...] -- [&lt;file&gt;...]'&#xD;
[INFO] Changelog updated: CHANGELOG_TEST.md&#xD;
fatal: ambiguous argument 'v1.0.0..HEAD': unknown revision or path not in the working tree.&#xD;
Use '--' to separate paths from revisions, like this:&#xD;
'git &lt;command&gt; [&lt;revision&gt;...] -- [&lt;file&gt;...]'&#xD;
[INFO] Changelog updated: CHANGELOG_TEST.md&#xD;
fatal: ambiguous argument 'v2.0.0..HEAD': unknown revision or path not in the working tree.&#xD;
Use '--' to separate paths from revisions, like this:&#xD;
'git &lt;command&gt; [&lt;revision&gt;...] -- [&lt;file&gt;...]'&#xD;
[INFO] Changelog updated: CHANGELOG_TEST.md&#xD;
??  Creating tag v0.5.0-test&#xD;
??  Creating tag v0.5.1-test&#xD;
??  Tag 'v0.5.1-test' already exists, skipping creation.&#xD;
[xUnit.net 00:00:02.39]   Finished:    AutoVersion.Tests&#xD;
</StdOut>
    </Output>
  </ResultSummary>
</TestRun>