<?xml version="1.0" encoding="utf-8"?>
<TestRun id="f73217d0-732f-4682-9b54-1018084bf2de" name="desro@PALMACEDE 2025-10-28 19:03:17" runUser="PALMACEDE\desro" xmlns="http://microsoft.com/schemas/VisualStudio/TeamTest/2010">
  <Times creation="2025-10-28T19:03:17.8577668-04:00" queuing="2025-10-28T19:03:17.8577671-04:00" start="2025-10-28T19:03:17.3132695-04:00" finish="2025-10-28T19:03:17.8614490-04:00" />
  <TestSettings name="default" id="1aaebaaf-2fbb-47c7-a8fd-fa03e487ce7e">
    <Deployment runDeploymentRoot="desro_PALMACEDE_2025-10-28_19_03_17" />
  </TestSettings>
  <Results>
    <UnitTestResult executionId="ebafe5c9-63ca-49b7-8a99-e0c922f4b979" testId="788dfc36-5024-78c2-4e53-14463a5d9541" testName="AutoVersion.Tests.BasicTests.Version_IsDefined" computerName="PALMACEDE" duration="00:00:00.0033374" startTime="2025-10-28T19:03:17.7750977-04:00" endTime="2025-10-28T19:03:17.7751157-04:00" testType="13cdc9d9-ddb5-4fa4-a97d-d965ccfc6d4b" outcome="Passed" testListId="8c84fa94-04c1-424b-9868-57a2d4851a1d" relativeResultsDirectory="ebafe5c9-63ca-49b7-8a99-e0c922f4b979" />
  </Results>
  <TestDefinitions>
    <UnitTest name="AutoVersion.Tests.BasicTests.Version_IsDefined" storage="f:\ultiwork\money\autoversion\src\autoversion.tests\bin\release\net8.0\autoversion.tests.dll" id="788dfc36-5024-78c2-4e53-14463a5d9541">
      <Execution id="ebafe5c9-63ca-49b7-8a99-e0c922f4b979" />
      <TestMethod codeBase="F:\UltiWork\money\AutoVersion\src\AutoVersion.Tests\bin\Release\net8.0\AutoVersion.Tests.dll" adapterTypeName="executor://xunit/VsTestRunner2/netcoreapp" className="AutoVersion.Tests.BasicTests" name="Version_IsDefined" />
    </UnitTest>
  </TestDefinitions>
  <TestEntries>
    <TestEntry testId="788dfc36-5024-78c2-4e53-14463a5d9541" executionId="ebafe5c9-63ca-49b7-8a99-e0c922f4b979" testListId="8c84fa94-04c1-424b-9868-57a2d4851a1d" />
  </TestEntries>
  <TestLists>
    <TestList name="Results Not in a List" id="8c84fa94-04c1-424b-9868-57a2d4851a1d" />
    <TestList name="All Loaded Results" id="19431567-8539-422a-85d7-44ee4e166bda" />
  </TestLists>
  <ResultSummary outcome="Completed">
    <Counters total="1" executed="1" passed="1" failed="0" error="0" timeout="0" aborted="0" inconclusive="0" passedButRunAborted="0" notRunnable="0" notExecuted="0" disconnected="0" warning="0" completed="0" inProgress="0" pending="0" />
    <Output>
      <StdOut>[xUnit.net 00:00:00.00] xUnit.net VSTest Adapter v2.8.0+6438bb880a (64-bit .NET 8.0.21)&#xD;
[xUnit.net 00:00:00.06]   Discovering: AutoVersion.Tests&#xD;
[xUnit.net 00:00:00.09]   Discovered:  AutoVersion.Tests&#xD;
[xUnit.net 00:00:00.09]   Starting:    AutoVersion.Tests&#xD;
[xUnit.net 00:00:00.13]   Finished:    AutoVersion.Tests&#xD;
</StdOut>
    </Output>
  </ResultSummary>
</TestRun>